<?xml version="1.0" encoding="UTF-8"?>
<testsuite name="ScrabbleTest" tests="3" skipped="0" failures="0" errors="0" timestamp="2016-04-19T22:20:09" hostname="epicodus-41.local" time="0.002">
  <properties/>
  <testcase name="returnIntegerValue_forOneLetterB_3" classname="ScrabbleTest" time="0.001"/>
  <testcase name="returnIntegerValue_forOneLetter_1" classname="ScrabbleTest" time="0.0"/>
  <testcase name="returnIntegerValue_forOneWord_5" classname="ScrabbleTest" time="0.0"/>
  <system-out><![CDATA[]]></system-out>
  <system-err><![CDATA[]]></system-err>
</testsuite>
